# JRE version: OpenJDK Runtime Environment (11.0.13) (build 11.0.13+0-b1751.21-8125866)
# Java VM: OpenJDK 64-Bit Server VM (11.0.13+0-b1751.21-8125866, mixed mode, tiered, compressed oops, g1 gc, windows-amd64)
Heap:
 garbage-first heap   total 273408K, used 198944K [0x0000000080000000, 0x0000000100000000)
  region size 1024K, 9 young (9216K), 4 survivors (4096K)
 Metaspace       used 136428K, capacity 140574K, committed 140968K, reserved 1171456K
  class space    used 16966K, capacity 18451K, committed 18764K, reserved 1048576K
GC Heap History (20 events):
Event: 1271.569 GC heap before
{Heap before GC invocations=115 (full 0):
 garbage-first heap   total 273408K, used 210037K [0x0000000080000000, 0x0000000100000000)
  region size 1024K, 13 young (13312K), 1 survivors (1024K)
 Metaspace       used 134355K, capacity 138409K, committed 139048K, reserved 1169408K
  class space    used 16786K, capacity 18256K, committed 18636K, reserved 1048576K
}
Event: 1271.589 GC heap after
{Heap after GC invocations=116 (full 0):
 garbage-first heap   total 273408K, used 184608K [0x0000000080000000, 0x0000000100000000)
  region size 1024K, 2 young (2048K), 2 survivors (2048K)
 Metaspace       used 134355K, capacity 138409K, committed 139048K, reserved 1169408K
  class space    used 16786K, capacity 18256K, committed 18636K, reserved 1048576K
}
Event: 1279.610 GC heap before
{Heap before GC invocations=116 (full 0):
 garbage-first heap   total 273408K, used 211232K [0x0000000080000000, 0x0000000100000000)
  region size 1024K, 29 young (29696K), 2 survivors (2048K)
 Metaspace       used 134451K, capacity 138517K, committed 139048K, reserved 1169408K
  class space    used 16795K, capacity 18267K, committed 18636K, reserved 1048576K
}
Event: 1279.618 GC heap after
{Heap after GC invocations=117 (full 0):
 garbage-first heap   total 273408K, used 184709K [0x0000000080000000, 0x0000000100000000)
  region size 1024K, 3 young (3072K), 3 survivors (3072K)
 Metaspace       used 134451K, capacity 138517K, committed 139048K, reserved 1169408K
  class space    used 16795K, capacity 18267K, committed 18636K, reserved 1048576K
}
Event: 1281.110 GC heap before
{Heap before GC invocations=117 (full 0):
 garbage-first heap   total 273408K, used 212357K [0x0000000080000000, 0x0000000100000000)
  region size 1024K, 31 young (31744K), 3 survivors (3072K)
 Metaspace       used 135700K, capacity 139760K, committed 140200K, reserved 1171456K
  class space    used 16930K, capacity 18416K, committed 18764K, reserved 1048576K
}
Event: 1281.129 GC heap after
{Heap after GC invocations=118 (full 0):
 garbage-first heap   total 273408K, used 188094K [0x0000000080000000, 0x0000000100000000)
  region size 1024K, 4 young (4096K), 4 survivors (4096K)
 Metaspace       used 135700K, capacity 139760K, committed 140200K, reserved 1171456K
  class space    used 16930K, capacity 18416K, committed 18764K, reserved 1048576K
}
Event: 1282.026 GC heap before
{Heap before GC invocations=119 (full 0):
 garbage-first heap   total 273408K, used 216766K [0x0000000080000000, 0x0000000100000000)
  region size 1024K, 33 young (33792K), 4 survivors (4096K)
 Metaspace       used 136074K, capacity 140154K, committed 140712K, reserved 1171456K
  class space    used 16957K, capacity 18418K, committed 18764K, reserved 1048576K
}
Event: 1282.048 GC heap after
{Heap after GC invocations=120 (full 0):
 garbage-first heap   total 273408K, used 193198K [0x0000000080000000, 0x0000000100000000)
  region size 1024K, 5 young (5120K), 5 survivors (5120K)
 Metaspace       used 136074K, capacity 140154K, committed 140712K, reserved 1171456K
  class space    used 16957K, capacity 18418K, committed 18764K, reserved 1048576K
}
Event: 1282.305 GC heap before
{Heap before GC invocations=120 (full 0):
 garbage-first heap   total 273408K, used 200366K [0x0000000080000000, 0x0000000100000000)
  region size 1024K, 13 young (13312K), 5 survivors (5120K)
 Metaspace       used 136104K, capacity 140218K, committed 140712K, reserved 1171456K
  class space    used 16957K, capacity 18418K, committed 18764K, reserved 1048576K
}
Event: 1282.324 GC heap after
{Heap after GC invocations=121 (full 0):
 garbage-first heap   total 273408K, used 188416K [0x0000000080000000, 0x0000000100000000)
  region size 1024K, 2 young (2048K), 2 survivors (2048K)
 Metaspace       used 136104K, capacity 140218K, committed 140712K, reserved 1171456K
  class space    used 16957K, capacity 18418K, committed 18764K, reserved 1048576K
}
Event: 1282.387 GC heap before
{Heap before GC invocations=121 (full 0):
 garbage-first heap   total 273408K, used 191488K [0x0000000080000000, 0x0000000100000000)
  region size 1024K, 6 young (6144K), 2 survivors (2048K)
 Metaspace       used 136112K, capacity 140218K, committed 140712K, reserved 1171456K
  class space    used 16957K, capacity 18418K, committed 18764K, reserved 1048576K
}
Event: 1282.396 GC heap after
{Heap after GC invocations=122 (full 0):
 garbage-first heap   total 273408K, used 189853K [0x0000000080000000, 0x0000000100000000)
  region size 1024K, 4 young (4096K), 4 survivors (4096K)
 Metaspace       used 136112K, capacity 140218K, committed 140712K, reserved 1171456K
  class space    used 16957K, capacity 18418K, committed 18764K, reserved 1048576K
}
Event: 1282.927 GC heap before
{Heap before GC invocations=123 (full 0):
 garbage-first heap   total 273408K, used 211357K [0x0000000080000000, 0x0000000100000000)
  region size 1024K, 27 young (27648K), 4 survivors (4096K)
 Metaspace       used 136216K, capacity 140346K, committed 140968K, reserved 1171456K
  class space    used 16957K, capacity 18418K, committed 18764K, reserved 1048576K
}
Event: 1282.955 GC heap after
{Heap after GC invocations=124 (full 0):
 garbage-first heap   total 273408K, used 197117K [0x0000000080000000, 0x0000000100000000)
  region size 1024K, 4 young (4096K), 4 survivors (4096K)
 Metaspace       used 136216K, capacity 140346K, committed 140968K, reserved 1171456K
  class space    used 16957K, capacity 18418K, committed 18764K, reserved 1048576K
}
Event: 1283.107 GC heap before
{Heap before GC invocations=124 (full 0):
 garbage-first heap   total 273408K, used 206333K [0x0000000080000000, 0x0000000100000000)
  region size 1024K, 13 young (13312K), 4 survivors (4096K)
 Metaspace       used 136238K, capacity 140346K, committed 140968K, reserved 1171456K
  class space    used 16957K, capacity 18418K, committed 18764K, reserved 1048576K
}
Event: 1283.125 GC heap after
{Heap after GC invocations=125 (full 0):
 garbage-first heap   total 273408K, used 193572K [0x0000000080000000, 0x0000000100000000)
  region size 1024K, 2 young (2048K), 2 survivors (2048K)
 Metaspace       used 136238K, capacity 140346K, committed 140968K, reserved 1171456K
  class space    used 16957K, capacity 18418K, committed 18764K, reserved 1048576K
}
Event: 1283.310 GC heap before
{Heap before GC invocations=125 (full 0):
 garbage-first heap   total 273408K, used 196644K [0x0000000080000000, 0x0000000100000000)
  region size 1024K, 7 young (7168K), 2 survivors (2048K)
 Metaspace       used 136338K, capacity 140442K, committed 140968K, reserved 1171456K
  class space    used 16964K, capacity 18450K, committed 18764K, reserved 1048576K
}
Event: 1283.319 GC heap after
{Heap after GC invocations=126 (full 0):
 garbage-first heap   total 273408K, used 194313K [0x0000000080000000, 0x0000000100000000)
  region size 1024K, 3 young (3072K), 3 survivors (3072K)
 Metaspace       used 136338K, capacity 140442K, committed 140968K, reserved 1171456K
  class space    used 16964K, capacity 18450K, committed 18764K, reserved 1048576K
}
Event: 1284.705 GC heap before
{Heap before GC invocations=127 (full 0):
 garbage-first heap   total 273408K, used 224009K [0x0000000080000000, 0x0000000100000000)
  region size 1024K, 26 young (26624K), 3 survivors (3072K)
 Metaspace       used 136421K, capacity 140574K, committed 140968K, reserved 1171456K
  class space    used 16966K, capacity 18451K, committed 18764K, reserved 1048576K
}
Event: 1284.726 GC heap after
{Heap after GC invocations=128 (full 0):
 garbage-first heap   total 273408K, used 194848K [0x0000000080000000, 0x0000000100000000)
  region size 1024K, 4 young (4096K), 4 survivors (4096K)
 Metaspace       used 136421K, capacity 140574K, committed 140968K, reserved 1171456K
  class space    used 16966K, capacity 18451K, committed 18764K, reserved 1048576K
}

